2026-06-26T08:49:46.466524Z  INFO herdr::platform::macos: raised server file descriptor soft limit previous=256 target=8192
2026-06-26T08:49:46.467428Z  INFO herdr::api::server: api server listening path=/Users/greggannicott/.config/herdr/herdr.sock
2026-06-26T08:49:46.469667Z  INFO herdr::logging: spawning pane terminal event="pane.spawn.start" subsystem="pane" outcome="started" pane_id=1 rows=24 cols=80 scrollback_limit_bytes=10000000
2026-06-26T08:49:46.475260Z  INFO herdr::logging: pane child spawned event="pane.spawned" subsystem="pane" outcome="ok" pane_id=1 pid=41661
2026-06-26T08:49:46.475712Z  INFO herdr::logging: spawning pane terminal event="pane.spawn.start" subsystem="pane" outcome="started" pane_id=2 rows=24 cols=80 scrollback_limit_bytes=10000000
2026-06-26T08:49:46.478581Z  INFO herdr::logging: pane child spawned event="pane.spawned" subsystem="pane" outcome="ok" pane_id=2 pid=41662
2026-06-26T08:49:46.479460Z  INFO herdr::logging: spawning pane terminal event="pane.spawn.start" subsystem="pane" outcome="started" pane_id=4 rows=24 cols=80 scrollback_limit_bytes=10000000
2026-06-26T08:49:46.482131Z  INFO herdr::logging: pane child spawned event="pane.spawned" subsystem="pane" outcome="ok" pane_id=4 pid=41663
2026-06-26T08:49:46.482835Z  INFO herdr::logging: session restore evaluated event="persist.restore" subsystem="persist" outcome="ok" workspaces=2
2026-06-26T08:49:46.482856Z  INFO herdr::app: using pane scrollback configuration pane_scrollback_limit_bytes=10000000
2026-06-26T08:49:46.516066Z  INFO herdr::logging: checking for updates event="update.check.start" subsystem="update" outcome="started"
2026-06-26T08:49:46.517619Z  INFO herdr::server::headless: restored session already has workspaces; ignoring startup cwd cwd=/Users/greggannicott/dotfiles
2026-06-26T08:49:46.517796Z  INFO herdr::server::headless: client protocol socket listening path=/Users/greggannicott/.config/herdr/herdr-client.sock
2026-06-26T08:49:46.517818Z  INFO herdr::server::headless: herdr server started api_socket=/Users/greggannicott/.config/herdr/herdr.sock client_socket=/Users/greggannicott/.config/herdr/herdr-client.sock
2026-06-26T08:49:46.517839Z  INFO herdr::logging: herdr starting event="app.startup" subsystem="server" outcome="started" pid=41660
2026-06-26T08:49:46.674747Z  INFO herdr::server::headless: client connected client_id=2 cols=203 rows=56 cell_width_px=0 cell_height_px=0 render_encoding=SemanticFrame
2026-06-26T08:49:46.695946Z  INFO herdr::logging: spawning pane terminal event="pane.spawn.start" subsystem="pane" outcome="started" pane_id=3 rows=53 cols=86 scrollback_limit_bytes=10000000
2026-06-26T08:49:46.698722Z  INFO herdr::logging: pane child spawned event="pane.spawned" subsystem="pane" outcome="ok" pane_id=3 pid=41766
2026-06-26T08:49:47.261175Z  INFO herdr::pane: agent changed pane=3 previous_agent=None agent=Some(OpenCode) process=opencode pgid=Some(41994)
2026-06-26T08:49:51.703364Z  INFO herdr::logging: session saved event="persist.save" subsystem="persist" outcome="ok" path=/Users/greggannicott/.config/herdr/session.json workspaces=2
2026-06-26T08:50:15.724863Z  INFO herdr::logging: api request received event="api.request.start" subsystem="api" outcome="started" request_id="cli:server:reload-config" method="server.reload_config" changes_ui=true
2026-06-26T08:50:15.728168Z  INFO herdr::logging: api request completed event="api.request.complete" subsystem="api" outcome="ok" request_id="cli:server:reload-config" method="server.reload_config"
2026-06-26T08:50:25.668990Z  INFO herdr::logging: workspace focused event="workspace.focus" subsystem="workspace" outcome="ok" workspace_id="w2"
2026-06-26T08:50:25.669101Z  INFO herdr::logging: tab focused event="tab.focus" subsystem="tab" outcome="ok" workspace_id="w2" tab_id="w2:t1"
2026-06-26T08:50:30.673801Z  INFO herdr::logging: session saved event="persist.save" subsystem="persist" outcome="ok" path=/Users/greggannicott/.config/herdr/session.json workspaces=2
2026-06-26T08:50:30.717767Z  INFO herdr::logging: workspace focused event="workspace.focus" subsystem="workspace" outcome="ok" workspace_id="w1"
2026-06-26T08:50:30.718101Z  INFO herdr::logging: tab focused event="tab.focus" subsystem="tab" outcome="ok" workspace_id="w1" tab_id="w1:t3"
2026-06-26T08:50:35.725471Z  INFO herdr::logging: session saved event="persist.save" subsystem="persist" outcome="ok" path=/Users/greggannicott/.config/herdr/session.json workspaces=2
2026-06-26T08:51:02.351414Z  INFO herdr::logging: api request received event="api.request.start" subsystem="api" outcome="started" request_id="cli:server:reload-config" method="server.reload_config" changes_ui=true
2026-06-26T08:51:02.355396Z  INFO herdr::logging: api request completed event="api.request.complete" subsystem="api" outcome="ok" request_id="cli:server:reload-config" method="server.reload_config"
2026-06-26T08:51:05.647563Z  INFO herdr::logging: api request received event="api.request.start" subsystem="api" outcome="started" request_id="cli:workspace:focus" method="workspace.focus" changes_ui=true
2026-06-26T08:51:05.647833Z  INFO herdr::logging: workspace focused event="workspace.focus" subsystem="workspace" outcome="ok" workspace_id="w2"
2026-06-26T08:51:05.648227Z  INFO herdr::logging: tab focused event="tab.focus" subsystem="tab" outcome="ok" workspace_id="w2" tab_id="w2:t1"
2026-06-26T08:51:05.648265Z  INFO herdr::logging: api request completed event="api.request.complete" subsystem="api" outcome="ok" request_id="cli:workspace:focus" method="workspace.focus"
2026-06-26T08:51:07.067918Z  INFO herdr::logging: api request received event="api.request.start" subsystem="api" outcome="started" request_id="cli:workspace:focus" method="workspace.focus" changes_ui=true
2026-06-26T08:51:07.067986Z  INFO herdr::logging: workspace focused event="workspace.focus" subsystem="workspace" outcome="ok" workspace_id="w1"
2026-06-26T08:51:07.067999Z  INFO herdr::logging: tab focused event="tab.focus" subsystem="tab" outcome="ok" workspace_id="w1" tab_id="w1:t3"
2026-06-26T08:51:07.068063Z  INFO herdr::logging: api request completed event="api.request.complete" subsystem="api" outcome="ok" request_id="cli:workspace:focus" method="workspace.focus"
2026-06-26T08:51:07.921021Z  INFO herdr::logging: api request received event="api.request.start" subsystem="api" outcome="started" request_id="cli:workspace:focus" method="workspace.focus" changes_ui=true
2026-06-26T08:51:07.921083Z  INFO herdr::logging: workspace focused event="workspace.focus" subsystem="workspace" outcome="ok" workspace_id="w2"
2026-06-26T08:51:07.921096Z  INFO herdr::logging: tab focused event="tab.focus" subsystem="tab" outcome="ok" workspace_id="w2" tab_id="w2:t1"
2026-06-26T08:51:07.921176Z  INFO herdr::logging: api request completed event="api.request.complete" subsystem="api" outcome="ok" request_id="cli:workspace:focus" method="workspace.focus"
2026-06-26T08:51:08.787071Z  INFO herdr::logging: api request received event="api.request.start" subsystem="api" outcome="started" request_id="cli:workspace:focus" method="workspace.focus" changes_ui=true
2026-06-26T08:51:08.787997Z  INFO herdr::logging: workspace focused event="workspace.focus" subsystem="workspace" outcome="ok" workspace_id="w1"
2026-06-26T08:51:08.788034Z  INFO herdr::logging: tab focused event="tab.focus" subsystem="tab" outcome="ok" workspace_id="w1" tab_id="w1:t3"
2026-06-26T08:51:08.788129Z  INFO herdr::logging: api request completed event="api.request.complete" subsystem="api" outcome="ok" request_id="cli:workspace:focus" method="workspace.focus"
2026-06-26T08:51:09.624275Z  INFO herdr::logging: api request received event="api.request.start" subsystem="api" outcome="started" request_id="cli:workspace:focus" method="workspace.focus" changes_ui=true
2026-06-26T08:51:09.624385Z  INFO herdr::logging: workspace focused event="workspace.focus" subsystem="workspace" outcome="ok" workspace_id="w2"
2026-06-26T08:51:09.624422Z  INFO herdr::logging: tab focused event="tab.focus" subsystem="tab" outcome="ok" workspace_id="w2" tab_id="w2:t1"
2026-06-26T08:51:09.624511Z  INFO herdr::logging: api request completed event="api.request.complete" subsystem="api" outcome="ok" request_id="cli:workspace:focus" method="workspace.focus"
2026-06-26T08:51:10.747266Z  INFO herdr::logging: api request received event="api.request.start" subsystem="api" outcome="started" request_id="cli:workspace:focus" method="workspace.focus" changes_ui=true
2026-06-26T08:51:10.747350Z  INFO herdr::logging: workspace focused event="workspace.focus" subsystem="workspace" outcome="ok" workspace_id="w1"
2026-06-26T08:51:10.747371Z  INFO herdr::logging: tab focused event="tab.focus" subsystem="tab" outcome="ok" workspace_id="w1" tab_id="w1:t3"
2026-06-26T08:51:10.747451Z  INFO herdr::logging: api request completed event="api.request.complete" subsystem="api" outcome="ok" request_id="cli:workspace:focus" method="workspace.focus"
2026-06-26T08:51:15.752745Z  INFO herdr::logging: session saved event="persist.save" subsystem="persist" outcome="ok" path=/Users/greggannicott/.config/herdr/session.json workspaces=2
2026-06-26T08:51:19.601878Z  INFO herdr::logging: tab focused event="tab.focus" subsystem="tab" outcome="ok" workspace_id="w1" tab_id="w1:t1"
2026-06-26T08:51:20.633589Z  INFO herdr::logging: tab focused event="tab.focus" subsystem="tab" outcome="ok" workspace_id="w1" tab_id="w1:t3"
2026-06-26T08:51:23.318512Z  INFO herdr::logging: tab focused event="tab.focus" subsystem="tab" outcome="ok" workspace_id="w1" tab_id="w1:t3"
2026-06-26T08:51:28.327511Z  INFO herdr::logging: session saved event="persist.save" subsystem="persist" outcome="ok" path=/Users/greggannicott/.config/herdr/session.json workspaces=2
2026-06-26T08:56:38.759204Z  INFO herdr::logging: tab focused event="tab.focus" subsystem="tab" outcome="ok" workspace_id="w1" tab_id="w1:t3"
2026-06-26T08:56:39.571584Z  INFO herdr::logging: tab focused event="tab.focus" subsystem="tab" outcome="ok" workspace_id="w1" tab_id="w1:t3"
2026-06-26T08:56:44.579553Z  INFO herdr::logging: session saved event="persist.save" subsystem="persist" outcome="ok" path=/Users/greggannicott/.config/herdr/session.json workspaces=2
2026-06-26T08:58:04.201385Z  INFO herdr::pane: agent changed pane=3 previous_agent=None agent=Some(OpenCode) process=opencode pgid=Some(41994)
2026-06-26T08:58:40.226712Z  INFO herdr::logging: tab focused event="tab.focus" subsystem="tab" outcome="ok" workspace_id="w1" tab_id="w1:t3"
2026-06-26T08:58:45.237607Z  INFO herdr::logging: session saved event="persist.save" subsystem="persist" outcome="ok" path=/Users/greggannicott/.config/herdr/session.json workspaces=2
2026-06-26T08:58:54.484948Z  INFO herdr::logging: pane child exited event="pane.exit" subsystem="pane" outcome="completed" pane_id=2 status="ExitStatus { code: 1, signal: Some(\"Segmentation fault: 11\") }"
2026-06-26T08:58:54.485097Z  INFO herdr::pane: pane session terminated pane=2 pid=41662 signal=Hangup
2026-06-26T08:58:56.950118Z  INFO herdr::logging: tab focused event="tab.focus" subsystem="tab" outcome="ok" workspace_id="w1" tab_id="w1:t1"
2026-06-26T08:59:01.958374Z  INFO herdr::logging: session saved event="persist.save" subsystem="persist" outcome="ok" path=/Users/greggannicott/.config/herdr/session.json workspaces=2
2026-06-26T08:59:53.135666Z  INFO herdr::logging: tab focused event="tab.focus" subsystem="tab" outcome="ok" workspace_id="w1" tab_id="w1:t3"
2026-06-26T08:59:54.588722Z  INFO herdr::logging: tab focused event="tab.focus" subsystem="tab" outcome="ok" workspace_id="w1" tab_id="w1:t1"
2026-06-26T08:59:57.963631Z  INFO herdr::logging: spawning pane terminal event="pane.spawn.start" subsystem="pane" outcome="started" pane_id=5 rows=27 cols=88 scrollback_limit_bytes=10000000
2026-06-26T08:59:57.972389Z  INFO herdr::logging: pane child spawned event="pane.spawned" subsystem="pane" outcome="ok" pane_id=5 pid=43521
2026-06-26T09:00:02.978177Z  INFO herdr::logging: session saved event="persist.save" subsystem="persist" outcome="ok" path=/Users/greggannicott/.config/herdr/session.json workspaces=2
2026-06-26T09:00:03.568141Z  INFO herdr::logging: tab focused event="tab.focus" subsystem="tab" outcome="ok" workspace_id="w1" tab_id="w1:t1"
2026-06-26T09:00:08.579671Z  INFO herdr::logging: session saved event="persist.save" subsystem="persist" outcome="ok" path=/Users/greggannicott/.config/herdr/session.json workspaces=2
2026-06-26T09:00:25.877024Z  INFO herdr::logging: tab focused event="tab.focus" subsystem="tab" outcome="ok" workspace_id="w1" tab_id="w1:t1"
2026-06-26T09:00:30.884340Z  INFO herdr::logging: session saved event="persist.save" subsystem="persist" outcome="ok" path=/Users/greggannicott/.config/herdr/session.json workspaces=2
2026-06-26T09:00:38.898169Z  INFO herdr::logging: tab focused event="tab.focus" subsystem="tab" outcome="ok" workspace_id="w1" tab_id="w1:t1"
2026-06-26T09:00:43.903771Z  INFO herdr::logging: session saved event="persist.save" subsystem="persist" outcome="ok" path=/Users/greggannicott/.config/herdr/session.json workspaces=2
2026-06-26T09:01:17.194090Z  INFO herdr::logging: tab focused event="tab.focus" subsystem="tab" outcome="ok" workspace_id="w1" tab_id="w1:t1"
2026-06-26T09:01:22.201092Z  INFO herdr::logging: session saved event="persist.save" subsystem="persist" outcome="ok" path=/Users/greggannicott/.config/herdr/session.json workspaces=2
2026-06-26T09:01:24.179719Z  INFO herdr::logging: api request received event="api.request.start" subsystem="api" outcome="started" request_id="cli:server:reload-config" method="server.reload_config" changes_ui=true
2026-06-26T09:01:24.185193Z  INFO herdr::logging: api request completed event="api.request.complete" subsystem="api" outcome="ok" request_id="cli:server:reload-config" method="server.reload_config"
2026-06-26T09:01:27.195446Z  INFO herdr::logging: tab focused event="tab.focus" subsystem="tab" outcome="ok" workspace_id="w1" tab_id="w1:t1"
2026-06-26T09:01:32.215541Z  INFO herdr::logging: session saved event="persist.save" subsystem="persist" outcome="ok" path=/Users/greggannicott/.config/herdr/session.json workspaces=2
2026-06-26T09:01:40.508866Z  INFO herdr::logging: workspace focused event="workspace.focus" subsystem="workspace" outcome="ok" workspace_id="w1"
2026-06-26T09:01:40.509372Z  INFO herdr::logging: tab focused event="tab.focus" subsystem="tab" outcome="ok" workspace_id="w1" tab_id="w1:t1"
2026-06-26T09:01:45.514416Z  INFO herdr::logging: session saved event="persist.save" subsystem="persist" outcome="ok" path=/Users/greggannicott/.config/herdr/session.json workspaces=2
2026-06-26T09:01:47.188284Z  INFO herdr::logging: tab focused event="tab.focus" subsystem="tab" outcome="ok" workspace_id="w1" tab_id="w1:t1"
2026-06-26T09:01:47.714151Z  INFO herdr::logging: tab focused event="tab.focus" subsystem="tab" outcome="ok" workspace_id="w1" tab_id="w1:t1"
2026-06-26T09:01:52.722665Z  INFO herdr::logging: session saved event="persist.save" subsystem="persist" outcome="ok" path=/Users/greggannicott/.config/herdr/session.json workspaces=2
2026-06-26T09:01:52.827236Z  INFO herdr::logging: tab focused event="tab.focus" subsystem="tab" outcome="ok" workspace_id="w1" tab_id="w1:t1"
2026-06-26T09:01:54.305746Z  INFO herdr::logging: spawning pane terminal event="pane.spawn.start" subsystem="pane" outcome="started" pane_id=6 rows=27 cols=44 scrollback_limit_bytes=10000000
2026-06-26T09:01:54.316208Z  INFO herdr::logging: pane child spawned event="pane.spawned" subsystem="pane" outcome="ok" pane_id=6 pid=43720
2026-06-26T09:01:56.774666Z  INFO herdr::logging: tab focused event="tab.focus" subsystem="tab" outcome="ok" workspace_id="w1" tab_id="w1:t1"
2026-06-26T09:01:57.246440Z  INFO herdr::logging: tab focused event="tab.focus" subsystem="tab" outcome="ok" workspace_id="w1" tab_id="w1:t1"
2026-06-26T09:01:57.918333Z  INFO herdr::logging: tab focused event="tab.focus" subsystem="tab" outcome="ok" workspace_id="w1" tab_id="w1:t1"
2026-06-26T09:01:58.386243Z  INFO herdr::logging: tab focused event="tab.focus" subsystem="tab" outcome="ok" workspace_id="w1" tab_id="w1:t1"
2026-06-26T09:02:01.072489Z  INFO herdr::logging: tab focused event="tab.focus" subsystem="tab" outcome="ok" workspace_id="w1" tab_id="w1:t1"
2026-06-26T09:02:01.633316Z  INFO herdr::logging: workspace focused event="workspace.focus" subsystem="workspace" outcome="ok" workspace_id="w1"
2026-06-26T09:02:01.633475Z  INFO herdr::logging: tab focused event="tab.focus" subsystem="tab" outcome="ok" workspace_id="w1" tab_id="w1:t1"
2026-06-26T09:02:06.639011Z  INFO herdr::logging: session saved event="persist.save" subsystem="persist" outcome="ok" path=/Users/greggannicott/.config/herdr/session.json workspaces=2
2026-06-26T09:02:11.571524Z  INFO herdr::logging: tab focused event="tab.focus" subsystem="tab" outcome="ok" workspace_id="w1" tab_id="w1:t1"
2026-06-26T09:02:13.190677Z  INFO herdr::logging: api request received event="api.request.start" subsystem="api" outcome="started" request_id="cli:server:reload-config" method="server.reload_config" changes_ui=true
2026-06-26T09:02:13.191059Z  INFO herdr::logging: api request completed event="api.request.complete" subsystem="api" outcome="ok" request_id="cli:server:reload-config" method="server.reload_config"
2026-06-26T09:02:16.578280Z  INFO herdr::logging: session saved event="persist.save" subsystem="persist" outcome="ok" path=/Users/greggannicott/.config/herdr/session.json workspaces=2
2026-06-26T09:02:17.383351Z  INFO herdr::logging: workspace focused event="workspace.focus" subsystem="workspace" outcome="ok" workspace_id="w2"
2026-06-26T09:02:17.384412Z  INFO herdr::logging: tab focused event="tab.focus" subsystem="tab" outcome="ok" workspace_id="w2" tab_id="w2:t1"
2026-06-26T09:02:20.324711Z  INFO herdr::logging: workspace focused event="workspace.focus" subsystem="workspace" outcome="ok" workspace_id="w1"
2026-06-26T09:02:20.324952Z  INFO herdr::logging: tab focused event="tab.focus" subsystem="tab" outcome="ok" workspace_id="w1" tab_id="w1:t1"
2026-06-26T09:02:25.334306Z  INFO herdr::logging: session saved event="persist.save" subsystem="persist" outcome="ok" path=/Users/greggannicott/.config/herdr/session.json workspaces=2
2026-06-26T09:07:37.021780Z  INFO herdr::logging: workspace focused event="workspace.focus" subsystem="workspace" outcome="ok" workspace_id="w2"
2026-06-26T09:07:37.023998Z  INFO herdr::logging: tab focused event="tab.focus" subsystem="tab" outcome="ok" workspace_id="w2" tab_id="w2:t1"
2026-06-26T09:07:40.984022Z  INFO herdr::logging: workspace focused event="workspace.focus" subsystem="workspace" outcome="ok" workspace_id="w1"
2026-06-26T09:07:40.984161Z  INFO herdr::logging: tab focused event="tab.focus" subsystem="tab" outcome="ok" workspace_id="w1" tab_id="w1:t1"
2026-06-26T09:07:45.991086Z  INFO herdr::logging: session saved event="persist.save" subsystem="persist" outcome="ok" path=/Users/greggannicott/.config/herdr/session.json workspaces=2
2026-06-26T09:20:13.219164Z  INFO herdr::logging: checking for updates event="update.check.start" subsystem="update" outcome="started"
2026-06-27T09:11:05.914973Z  INFO herdr::logging: checking for updates event="update.check.start" subsystem="update" outcome="started"
2026-06-27T14:01:47.764814Z  INFO herdr::logging: checking for updates event="update.check.start" subsystem="update" outcome="started"
2026-06-27T14:46:45.837471Z  INFO herdr::logging: checking for updates event="update.check.start" subsystem="update" outcome="started"
2026-06-27T15:31:43.683055Z  INFO herdr::logging: checking for updates event="update.check.start" subsystem="update" outcome="started"
2026-06-27T15:50:36.733921Z  INFO herdr::logging: workspace focused event="workspace.focus" subsystem="workspace" outcome="ok" workspace_id="w2"
2026-06-27T15:50:36.736709Z  INFO herdr::logging: tab focused event="tab.focus" subsystem="tab" outcome="ok" workspace_id="w2" tab_id="w2:t1"
2026-06-27T15:50:41.750349Z  INFO herdr::logging: session saved event="persist.save" subsystem="persist" outcome="ok" path=/Users/greggannicott/.config/herdr/session.json workspaces=2
2026-06-27T15:51:48.902045Z  INFO herdr::pane: agent changed pane=4 previous_agent=None agent=Some(OpenCode) process=opencode pgid=Some(49822)
2026-06-27T15:51:57.899409Z  INFO herdr::pane: agent changed pane=4 previous_agent=None agent=Some(OpenCode) process=opencode pgid=Some(49822)
2026-06-27T15:52:02.889375Z  INFO herdr::logging: session saved event="persist.save" subsystem="persist" outcome="ok" path=/Users/greggannicott/.config/herdr/session.json workspaces=2
2026-06-27T16:02:11.007378Z  INFO herdr::logging: checking for updates event="update.check.start" subsystem="update" outcome="started"
2026-06-27T16:03:39.828385Z  INFO herdr::logging: spawning pane terminal event="pane.spawn.start" subsystem="pane" outcome="started" pane_id=7 rows=27 cols=88 scrollback_limit_bytes=10000000
2026-06-27T16:03:39.858822Z  INFO herdr::logging: pane child spawned event="pane.spawned" subsystem="pane" outcome="ok" pane_id=7 pid=51009
2026-06-27T16:03:44.867389Z  INFO herdr::logging: session saved event="persist.save" subsystem="persist" outcome="ok" path=/Users/greggannicott/.config/herdr/session.json workspaces=2
2026-06-27T16:04:07.432825Z  INFO herdr::logging: api request received event="api.request.start" subsystem="api" outcome="started" request_id="cli:workspace:create" method="workspace.create" changes_ui=true
2026-06-27T16:04:07.435150Z  INFO herdr::logging: spawning pane terminal event="pane.spawn.start" subsystem="pane" outcome="started" pane_id=8 rows=55 cols=89 scrollback_limit_bytes=10000000
2026-06-27T16:04:07.452768Z  INFO herdr::logging: pane child spawned event="pane.spawned" subsystem="pane" outcome="ok" pane_id=8 pid=51206
2026-06-27T16:04:07.453934Z  INFO herdr::logging: workspace created event="workspace.create" subsystem="workspace" outcome="ok" workspace_id="w3" pane_id=8
2026-06-27T16:04:07.453951Z  INFO herdr::logging: workspace renamed event="workspace.rename" subsystem="workspace" outcome="ok" workspace_id="w3"
2026-06-27T16:04:07.456233Z  INFO herdr::logging: api request completed event="api.request.complete" subsystem="api" outcome="ok" request_id="cli:workspace:create" method="workspace.create"
2026-06-27T16:04:12.458506Z  INFO herdr::logging: session saved event="persist.save" subsystem="persist" outcome="ok" path=/Users/greggannicott/.config/herdr/session.json workspaces=3
2026-06-27T16:04:26.169632Z  INFO herdr::logging: tab focused event="tab.focus" subsystem="tab" outcome="ok" workspace_id="w2" tab_id="w2:t1"
2026-06-27T16:04:31.184042Z  INFO herdr::logging: session saved event="persist.save" subsystem="persist" outcome="ok" path=/Users/greggannicott/.config/herdr/session.json workspaces=3
2026-06-27T16:04:31.287958Z  INFO herdr::logging: tab focused event="tab.focus" subsystem="tab" outcome="ok" workspace_id="w2" tab_id="w2:t1"
2026-06-27T16:04:36.292737Z  INFO herdr::logging: session saved event="persist.save" subsystem="persist" outcome="ok" path=/Users/greggannicott/.config/herdr/session.json workspaces=3
2026-06-27T16:05:55.202706Z  INFO herdr::logging: tab focused event="tab.focus" subsystem="tab" outcome="ok" workspace_id="w2" tab_id="w2:t1"
2026-06-27T16:06:00.219501Z  INFO herdr::logging: session saved event="persist.save" subsystem="persist" outcome="ok" path=/Users/greggannicott/.config/herdr/session.json workspaces=3
2026-06-27T16:06:01.778247Z  INFO herdr::logging: tab focused event="tab.focus" subsystem="tab" outcome="ok" workspace_id="w2" tab_id="w2:t1"
2026-06-27T16:06:06.786248Z  INFO herdr::logging: session saved event="persist.save" subsystem="persist" outcome="ok" path=/Users/greggannicott/.config/herdr/session.json workspaces=3
2026-06-27T16:06:22.249326Z  INFO herdr::logging: api request received event="api.request.start" subsystem="api" outcome="started" request_id="cli:worktree:create" method="worktree.create" changes_ui=true
2026-06-27T16:06:22.506492Z  INFO herdr::logging: spawning pane terminal event="pane.spawn.start" subsystem="pane" outcome="started" pane_id=9 rows=55 cols=89 scrollback_limit_bytes=10000000
2026-06-27T16:06:22.521960Z  INFO herdr::logging: pane child spawned event="pane.spawned" subsystem="pane" outcome="ok" pane_id=9 pid=51432
2026-06-27T16:06:22.522555Z  INFO herdr::logging: workspace created event="workspace.create" subsystem="workspace" outcome="ok" workspace_id="w4" pane_id=9
2026-06-27T16:06:22.523857Z  INFO herdr::logging: api request completed event="api.request.complete" subsystem="api" outcome="ok" request_id="cli:worktree:create" method="worktree.create"
2026-06-27T16:06:27.526319Z  INFO herdr::logging: session saved event="persist.save" subsystem="persist" outcome="ok" path=/Users/greggannicott/.config/herdr/session.json workspaces=4
2026-06-27T16:07:16.496132Z  INFO herdr::logging: workspace focused event="workspace.focus" subsystem="workspace" outcome="ok" workspace_id="w4"
2026-06-27T16:07:16.497008Z  INFO herdr::logging: tab focused event="tab.focus" subsystem="tab" outcome="ok" workspace_id="w4" tab_id="w4:t1"
2026-06-27T16:07:19.290513Z  INFO herdr::logging: spawning pane terminal event="pane.spawn.start" subsystem="pane" outcome="started" pane_id=10 rows=27 cols=88 scrollback_limit_bytes=10000000
2026-06-27T16:07:19.303412Z  INFO herdr::logging: pane child spawned event="pane.spawned" subsystem="pane" outcome="ok" pane_id=10 pid=51553
2026-06-27T16:07:24.316859Z  INFO herdr::logging: session saved event="persist.save" subsystem="persist" outcome="ok" path=/Users/greggannicott/.config/herdr/session.json workspaces=4
2026-06-27T16:07:29.228078Z  INFO herdr::logging: tab focused event="tab.focus" subsystem="tab" outcome="ok" workspace_id="w4" tab_id="w4:t1"
2026-06-27T16:07:34.234724Z  INFO herdr::logging: session saved event="persist.save" subsystem="persist" outcome="ok" path=/Users/greggannicott/.config/herdr/session.json workspaces=4
2026-06-27T16:07:38.152616Z  INFO herdr::logging: tab focused event="tab.focus" subsystem="tab" outcome="ok" workspace_id="w4" tab_id="w4:t1"
2026-06-27T16:07:43.160329Z  INFO herdr::logging: session saved event="persist.save" subsystem="persist" outcome="ok" path=/Users/greggannicott/.config/herdr/session.json workspaces=4
2026-06-27T16:07:47.425714Z  INFO herdr::logging: spawning pane terminal event="pane.spawn.start" subsystem="pane" outcome="started" pane_id=11 rows=55 cols=89 scrollback_limit_bytes=10000000
2026-06-27T16:07:47.432931Z  INFO herdr::logging: pane child spawned event="pane.spawned" subsystem="pane" outcome="ok" pane_id=11 pid=51684
2026-06-27T16:07:47.433321Z  INFO herdr::logging: tab focused event="tab.focus" subsystem="tab" outcome="ok" workspace_id="w4" tab_id="w4:t2"
2026-06-27T16:07:47.433954Z  INFO herdr::logging: tab created event="tab.create" subsystem="tab" outcome="ok" workspace_id="w4" tab_id="w4:t2" pane_id=11
2026-06-27T16:07:52.446379Z  INFO herdr::logging: session saved event="persist.save" subsystem="persist" outcome="ok" path=/Users/greggannicott/.config/herdr/session.json workspaces=4
2026-06-27T16:07:53.830789Z  INFO herdr::logging: tab focused event="tab.focus" subsystem="tab" outcome="ok" workspace_id="w4" tab_id="w4:t1"
2026-06-27T16:07:55.016839Z  INFO herdr::logging: tab focused event="tab.focus" subsystem="tab" outcome="ok" workspace_id="w4" tab_id="w4:t2"
2026-06-27T16:07:55.898931Z  INFO herdr::logging: tab focused event="tab.focus" subsystem="tab" outcome="ok" workspace_id="w4" tab_id="w4:t1"
2026-06-27T16:07:58.813554Z  INFO herdr::pane: agent changed pane=10 previous_agent=None agent=Some(OpenCode) process=opencode pgid=Some(51794)
2026-06-27T16:08:00.905358Z  INFO herdr::logging: session saved event="persist.save" subsystem="persist" outcome="ok" path=/Users/greggannicott/.config/herdr/session.json workspaces=4
2026-06-27T16:08:11.183676Z  INFO herdr::logging: tab focused event="tab.focus" subsystem="tab" outcome="ok" workspace_id="w4" tab_id="w4:t1"
2026-06-27T16:08:16.187775Z  INFO herdr::logging: session saved event="persist.save" subsystem="persist" outcome="ok" path=/Users/greggannicott/.config/herdr/session.json workspaces=4
2026-06-27T16:08:17.108135Z  INFO herdr::logging: tab focused event="tab.focus" subsystem="tab" outcome="ok" workspace_id="w4" tab_id="w4:t1"
2026-06-27T16:08:22.122740Z  INFO herdr::logging: session saved event="persist.save" subsystem="persist" outcome="ok" path=/Users/greggannicott/.config/herdr/session.json workspaces=4
2026-06-27T16:09:44.314721Z  INFO herdr::logging: tab focused event="tab.focus" subsystem="tab" outcome="ok" workspace_id="w4" tab_id="w4:t1"
2026-06-27T16:09:49.333920Z  INFO herdr::logging: session saved event="persist.save" subsystem="persist" outcome="ok" path=/Users/greggannicott/.config/herdr/session.json workspaces=4
2026-06-27T16:09:52.821052Z  INFO herdr::logging: tab focused event="tab.focus" subsystem="tab" outcome="ok" workspace_id="w4" tab_id="w4:t1"
2026-06-27T16:09:57.826587Z  INFO herdr::logging: session saved event="persist.save" subsystem="persist" outcome="ok" path=/Users/greggannicott/.config/herdr/session.json workspaces=4
2026-06-27T16:15:38.232000Z  INFO herdr::pane: agent changed pane=10 previous_agent=None agent=Some(OpenCode) process=opencode pgid=Some(51794)
2026-06-27T16:15:43.162703Z  INFO herdr::logging: session saved event="persist.save" subsystem="persist" outcome="ok" path=/Users/greggannicott/.config/herdr/session.json workspaces=4
2026-06-27T16:15:49.990841Z  INFO herdr::logging: workspace focused event="workspace.focus" subsystem="workspace" outcome="ok" workspace_id="w2"
2026-06-27T16:15:49.991436Z  INFO herdr::logging: tab focused event="tab.focus" subsystem="tab" outcome="ok" workspace_id="w2" tab_id="w2:t1"
2026-06-27T16:15:55.002810Z  INFO herdr::logging: session saved event="persist.save" subsystem="persist" outcome="ok" path=/Users/greggannicott/.config/herdr/session.json workspaces=4
2026-06-27T16:16:31.967192Z  INFO herdr::logging: api request received event="api.request.start" subsystem="api" outcome="started" request_id="cli:workspace:focus" method="workspace.focus" changes_ui=true
2026-06-27T16:16:31.968476Z  INFO herdr::logging: workspace focused event="workspace.focus" subsystem="workspace" outcome="ok" workspace_id="w4"
2026-06-27T16:16:31.969593Z  INFO herdr::logging: tab focused event="tab.focus" subsystem="tab" outcome="ok" workspace_id="w4" tab_id="w4:t1"
2026-06-27T16:16:31.969707Z  INFO herdr::logging: api request completed event="api.request.complete" subsystem="api" outcome="ok" request_id="cli:workspace:focus" method="workspace.focus"
2026-06-27T16:16:33.277413Z  INFO herdr::logging: api request received event="api.request.start" subsystem="api" outcome="started" request_id="cli:workspace:focus" method="workspace.focus" changes_ui=true
2026-06-27T16:16:33.277527Z  INFO herdr::logging: workspace focused event="workspace.focus" subsystem="workspace" outcome="ok" workspace_id="w2"
2026-06-27T16:16:33.277559Z  INFO herdr::logging: tab focused event="tab.focus" subsystem="tab" outcome="ok" workspace_id="w2" tab_id="w2:t1"
2026-06-27T16:16:33.277618Z  INFO herdr::logging: api request completed event="api.request.complete" subsystem="api" outcome="ok" request_id="cli:workspace:focus" method="workspace.focus"
2026-06-27T16:16:38.285452Z  INFO herdr::logging: session saved event="persist.save" subsystem="persist" outcome="ok" path=/Users/greggannicott/.config/herdr/session.json workspaces=4
2026-06-27T16:19:10.235330Z  INFO herdr::logging: workspace focused event="workspace.focus" subsystem="workspace" outcome="ok" workspace_id="w4"
2026-06-27T16:19:10.237340Z  INFO herdr::logging: tab focused event="tab.focus" subsystem="tab" outcome="ok" workspace_id="w4" tab_id="w4:t1"
2026-06-27T16:19:15.250553Z  INFO herdr::logging: session saved event="persist.save" subsystem="persist" outcome="ok" path=/Users/greggannicott/.config/herdr/session.json workspaces=4
2026-06-27T16:25:34.051463Z  INFO herdr::logging: spawning pane terminal event="pane.spawn.start" subsystem="pane" outcome="started" pane_id=12 rows=27 cols=44 scrollback_limit_bytes=10000000
2026-06-27T16:25:34.089526Z  INFO herdr::logging: pane child spawned event="pane.spawned" subsystem="pane" outcome="ok" pane_id=12 pid=53894
2026-06-27T16:25:39.100736Z  INFO herdr::logging: session saved event="persist.save" subsystem="persist" outcome="ok" path=/Users/greggannicott/.config/herdr/session.json workspaces=4
2026-06-27T16:25:59.683662Z  INFO herdr::logging: tab focused event="tab.focus" subsystem="tab" outcome="ok" workspace_id="w4" tab_id="w4:t2"
2026-06-27T16:26:04.692478Z  INFO herdr::logging: session saved event="persist.save" subsystem="persist" outcome="ok" path=/Users/greggannicott/.config/herdr/session.json workspaces=4
2026-06-27T16:26:15.169185Z  INFO herdr::logging: workspace focused event="workspace.focus" subsystem="workspace" outcome="ok" workspace_id="w2"
2026-06-27T16:26:15.169479Z  INFO herdr::logging: tab focused event="tab.focus" subsystem="tab" outcome="ok" workspace_id="w2" tab_id="w2:t1"
2026-06-27T16:26:20.191859Z  INFO herdr::logging: session saved event="persist.save" subsystem="persist" outcome="ok" path=/Users/greggannicott/.config/herdr/session.json workspaces=4
2026-06-27T16:26:22.618639Z  INFO herdr::server::headless: client detach requested via keybind client_id=2
2026-06-27T16:26:22.626102Z  INFO herdr::server::headless: client disconnected client_id=2
2026-06-27T16:26:36.909822Z  INFO herdr::server::headless: client connected client_id=4 cols=203 rows=56 cell_width_px=0 cell_height_px=0 render_encoding=SemanticFrame
2026-06-27T16:26:44.348675Z  INFO herdr::logging: workspace focused event="workspace.focus" subsystem="workspace" outcome="ok" workspace_id="w4"
2026-06-27T16:26:44.349023Z  INFO herdr::logging: tab focused event="tab.focus" subsystem="tab" outcome="ok" workspace_id="w4" tab_id="w4:t2"
2026-06-27T16:26:49.359736Z  INFO herdr::logging: session saved event="persist.save" subsystem="persist" outcome="ok" path=/Users/greggannicott/.config/herdr/session.json workspaces=4
2026-06-27T16:26:57.845968Z  INFO herdr::logging: tab focused event="tab.focus" subsystem="tab" outcome="ok" workspace_id="w4" tab_id="w4:t1"
2026-06-27T16:27:02.854482Z  INFO herdr::logging: session saved event="persist.save" subsystem="persist" outcome="ok" path=/Users/greggannicott/.config/herdr/session.json workspaces=4
2026-06-27T16:27:12.968244Z  INFO herdr::logging: session saved event="persist.save" subsystem="persist" outcome="ok" path=/Users/greggannicott/.config/herdr/session.json workspaces=4
2026-06-27T16:27:47.361950Z  INFO herdr::logging: tab focused event="tab.focus" subsystem="tab" outcome="ok" workspace_id="w4" tab_id="w4:t1"
2026-06-27T16:27:52.372900Z  INFO herdr::logging: session saved event="persist.save" subsystem="persist" outcome="ok" path=/Users/greggannicott/.config/herdr/session.json workspaces=4
2026-06-27T16:28:34.894445Z  INFO herdr::logging: workspace focused event="workspace.focus" subsystem="workspace" outcome="ok" workspace_id="w3"
2026-06-27T16:28:34.896117Z  INFO herdr::logging: tab focused event="tab.focus" subsystem="tab" outcome="ok" workspace_id="w3" tab_id="w3:t1"
2026-06-27T16:28:39.907471Z  INFO herdr::logging: session saved event="persist.save" subsystem="persist" outcome="ok" path=/Users/greggannicott/.config/herdr/session.json workspaces=4
2026-06-27T16:28:52.517511Z  INFO herdr::logging: workspace focused event="workspace.focus" subsystem="workspace" outcome="ok" workspace_id="w4"
2026-06-27T16:28:52.517771Z  INFO herdr::logging: tab focused event="tab.focus" subsystem="tab" outcome="ok" workspace_id="w4" tab_id="w4:t1"
2026-06-27T16:28:57.521156Z  INFO herdr::logging: session saved event="persist.save" subsystem="persist" outcome="ok" path=/Users/greggannicott/.config/herdr/session.json workspaces=4
2026-06-27T16:29:02.818180Z  INFO herdr::logging: workspace focused event="workspace.focus" subsystem="workspace" outcome="ok" workspace_id="w3"
2026-06-27T16:29:02.819156Z  INFO herdr::logging: tab focused event="tab.focus" subsystem="tab" outcome="ok" workspace_id="w3" tab_id="w3:t1"
2026-06-27T16:29:07.826164Z  INFO herdr::logging: session saved event="persist.save" subsystem="persist" outcome="ok" path=/Users/greggannicott/.config/herdr/session.json workspaces=4
2026-06-27T16:29:26.088507Z  INFO herdr::logging: workspace closed event="workspace.close" subsystem="workspace" outcome="ok" workspace_id="w3"
2026-06-27T16:29:31.096181Z  INFO herdr::logging: session saved event="persist.save" subsystem="persist" outcome="ok" path=/Users/greggannicott/.config/herdr/session.json workspaces=3
2026-06-27T16:29:35.123543Z  INFO herdr::logging: workspace focused event="workspace.focus" subsystem="workspace" outcome="ok" workspace_id="w2"
2026-06-27T16:29:35.124490Z  INFO herdr::logging: tab focused event="tab.focus" subsystem="tab" outcome="ok" workspace_id="w2" tab_id="w2:t1"
2026-06-27T16:29:39.050609Z  INFO herdr::logging: tab focused event="tab.focus" subsystem="tab" outcome="ok" workspace_id="w2" tab_id="w2:t1"
2026-06-27T16:29:44.055146Z  INFO herdr::logging: session saved event="persist.save" subsystem="persist" outcome="ok" path=/Users/greggannicott/.config/herdr/session.json workspaces=3
2026-06-27T16:29:58.758058Z  INFO herdr::logging: workspace focused event="workspace.focus" subsystem="workspace" outcome="ok" workspace_id="w4"
2026-06-27T16:29:58.758492Z  INFO herdr::logging: tab focused event="tab.focus" subsystem="tab" outcome="ok" workspace_id="w4" tab_id="w4:t1"
2026-06-27T16:30:03.763956Z  INFO herdr::logging: session saved event="persist.save" subsystem="persist" outcome="ok" path=/Users/greggannicott/.config/herdr/session.json workspaces=3
2026-06-27T16:30:06.660435Z  INFO herdr::logging: tab focused event="tab.focus" subsystem="tab" outcome="ok" workspace_id="w4" tab_id="w4:t1"
2026-06-27T16:30:11.666304Z  INFO herdr::logging: session saved event="persist.save" subsystem="persist" outcome="ok" path=/Users/greggannicott/.config/herdr/session.json workspaces=3
2026-06-27T16:30:29.311745Z  INFO herdr::logging: pane child exited event="pane.exit" subsystem="pane" outcome="completed" pane_id=8 status="ExitStatus { code: 1, signal: None }"
2026-06-27T16:30:29.330752Z  INFO herdr::pane: pane session terminated pane=8 pid=51206 signal=Hangup
2026-06-27T16:30:29.332415Z  WARN herdr::app::actions: PaneDied for unknown pane pane=8
2026-06-27T16:30:51.125842Z  INFO herdr::logging: tab focused event="tab.focus" subsystem="tab" outcome="ok" workspace_id="w4" tab_id="w4:t1"
2026-06-27T16:30:56.135692Z  INFO herdr::logging: session saved event="persist.save" subsystem="persist" outcome="ok" path=/Users/greggannicott/.config/herdr/session.json workspaces=3
2026-06-27T16:31:02.403015Z  INFO herdr::logging: session saved event="persist.save" subsystem="persist" outcome="ok" path=/Users/greggannicott/.config/herdr/session.json workspaces=3
2026-06-27T16:31:34.398501Z  INFO herdr::logging: tab focused event="tab.focus" subsystem="tab" outcome="ok" workspace_id="w4" tab_id="w4:t1"
2026-06-27T16:31:39.406774Z  INFO herdr::logging: session saved event="persist.save" subsystem="persist" outcome="ok" path=/Users/greggannicott/.config/herdr/session.json workspaces=3
2026-06-27T16:31:42.539008Z  INFO herdr::logging: workspace focused event="workspace.focus" subsystem="workspace" outcome="ok" workspace_id="w2"
2026-06-27T16:31:42.539341Z  INFO herdr::logging: tab focused event="tab.focus" subsystem="tab" outcome="ok" workspace_id="w2" tab_id="w2:t1"
2026-06-27T16:31:47.544871Z  INFO herdr::logging: session saved event="persist.save" subsystem="persist" outcome="ok" path=/Users/greggannicott/.config/herdr/session.json workspaces=3
2026-06-27T16:32:10.956140Z  INFO herdr::logging: checking for updates event="update.check.start" subsystem="update" outcome="started"
2026-06-27T16:34:31.949082Z  INFO herdr::logging: api request received event="api.request.start" subsystem="api" outcome="started" request_id="cli:worktree:remove" method="worktree.remove" changes_ui=true
2026-06-27T16:34:31.952329Z  INFO herdr::logging: api request completed event="api.request.complete" subsystem="api" outcome="error" request_id="cli:worktree:remove" method="worktree.remove"
2026-06-27T16:35:03.764240Z  INFO herdr::logging: api request received event="api.request.start" subsystem="api" outcome="started" request_id="cli:worktree:remove" method="worktree.remove" changes_ui=true
2026-06-27T16:35:03.766992Z  INFO herdr::logging: api request completed event="api.request.complete" subsystem="api" outcome="error" request_id="cli:worktree:remove" method="worktree.remove"
2026-06-27T16:35:32.165576Z  INFO herdr::logging: workspace focused event="workspace.focus" subsystem="workspace" outcome="ok" workspace_id="w4"
2026-06-27T16:35:32.166874Z  INFO herdr::logging: tab focused event="tab.focus" subsystem="tab" outcome="ok" workspace_id="w4" tab_id="w4:t1"
2026-06-27T16:35:36.380338Z  INFO herdr::logging: workspace focused event="workspace.focus" subsystem="workspace" outcome="ok" workspace_id="w2"
2026-06-27T16:35:36.380424Z  INFO herdr::logging: tab focused event="tab.focus" subsystem="tab" outcome="ok" workspace_id="w2" tab_id="w2:t1"
2026-06-27T16:35:41.390927Z  INFO herdr::logging: session saved event="persist.save" subsystem="persist" outcome="ok" path=/Users/greggannicott/.config/herdr/session.json workspaces=3
2026-06-27T16:36:23.142500Z  INFO herdr::logging: api request received event="api.request.start" subsystem="api" outcome="started" request_id="cli:worktree:remove" method="worktree.remove" changes_ui=true
2026-06-27T16:36:23.208617Z  INFO herdr::logging: workspace closed event="workspace.close" subsystem="workspace" outcome="ok" workspace_id="w4"
2026-06-27T16:36:23.272286Z  INFO herdr::logging: pane child exited event="pane.exit" subsystem="pane" outcome="completed" pane_id=10 status="ExitStatus { code: 1, signal: None }"
2026-06-27T16:36:23.522196Z  INFO herdr::pane: pane session terminated pane=10 pid=51553 signal=Terminate
2026-06-27T16:36:23.528917Z  INFO herdr::logging: pane child exited event="pane.exit" subsystem="pane" outcome="completed" pane_id=12 status="ExitStatus { code: 1, signal: None }"
2026-06-27T16:36:23.547859Z  INFO herdr::pane: pane session terminated pane=12 pid=53894 signal=Hangup
2026-06-27T16:36:23.567636Z  INFO herdr::logging: pane child exited event="pane.exit" subsystem="pane" outcome="completed" pane_id=9 status="ExitStatus { code: 1, signal: None }"
2026-06-27T16:36:23.573336Z  INFO herdr::pane: pane session terminated pane=9 pid=51432 signal=Hangup
2026-06-27T16:36:23.619888Z  INFO herdr::logging: pane child exited event="pane.exit" subsystem="pane" outcome="completed" pane_id=11 status="ExitStatus { code: 1, signal: None }"
2026-06-27T16:36:23.623880Z  INFO herdr::pane: pane session terminated pane=11 pid=51684 signal=Hangup
2026-06-27T16:36:23.624406Z  WARN herdr::app::actions: PaneDied for unknown pane pane=10
2026-06-27T16:36:23.624415Z  INFO herdr::logging: api request completed event="api.request.complete" subsystem="api" outcome="ok" request_id="cli:worktree:remove" method="worktree.remove"
2026-06-27T16:36:23.624420Z  WARN herdr::app::actions: PaneDied for unknown pane pane=12
2026-06-27T16:36:23.624431Z  WARN herdr::app::actions: PaneDied for unknown pane pane=9
2026-06-27T16:36:23.624435Z  WARN herdr::app::actions: PaneDied for unknown pane pane=11
2026-06-27T16:36:28.631680Z  INFO herdr::logging: session saved event="persist.save" subsystem="persist" outcome="ok" path=/Users/greggannicott/.config/herdr/session.json workspaces=2
2026-06-27T19:01:54.023487Z  INFO herdr::server::headless: client detach requested via keybind client_id=4
2026-06-27T19:01:54.040172Z  INFO herdr::server::headless: client disconnected client_id=4
2026-06-27T19:03:29.783988Z  INFO herdr::pane: agent changed pane=3 previous_agent=Some(OpenCode) agent=None pgid=Some(41766)
2026-06-27T19:03:29.783977Z  INFO herdr::pane: agent changed pane=4 previous_agent=Some(OpenCode) agent=None pgid=Some(41663)
2026-06-27T19:11:05.368471Z  INFO herdr::platform::macos: raised server file descriptor soft limit previous=256 target=8192
2026-06-27T19:11:05.370718Z  INFO herdr::api::server: api server listening path=/Users/greggannicott/.config/herdr/herdr.sock
2026-06-27T19:11:05.376616Z  INFO herdr::logging: spawning pane terminal event="pane.spawn.start" subsystem="pane" outcome="started" pane_id=1 rows=24 cols=80 scrollback_limit_bytes=10000000
2026-06-27T19:11:05.383999Z  INFO herdr::logging: pane child spawned event="pane.spawned" subsystem="pane" outcome="ok" pane_id=1 pid=1487
2026-06-27T19:11:05.384659Z  INFO herdr::logging: spawning pane terminal event="pane.spawn.start" subsystem="pane" outcome="started" pane_id=2 rows=24 cols=80 scrollback_limit_bytes=10000000
2026-06-27T19:11:05.386910Z  INFO herdr::logging: pane child spawned event="pane.spawned" subsystem="pane" outcome="ok" pane_id=2 pid=1488
2026-06-27T19:11:05.387265Z  INFO herdr::logging: spawning pane terminal event="pane.spawn.start" subsystem="pane" outcome="started" pane_id=3 rows=24 cols=80 scrollback_limit_bytes=10000000
2026-06-27T19:11:05.389892Z  INFO herdr::logging: pane child spawned event="pane.spawned" subsystem="pane" outcome="ok" pane_id=3 pid=1489
2026-06-27T19:11:05.392177Z  INFO herdr::logging: spawning pane terminal event="pane.spawn.start" subsystem="pane" outcome="started" pane_id=6 rows=24 cols=80 scrollback_limit_bytes=10000000
2026-06-27T19:11:05.394382Z  INFO herdr::logging: pane child spawned event="pane.spawned" subsystem="pane" outcome="ok" pane_id=6 pid=1492
2026-06-27T19:11:05.395765Z  INFO herdr::logging: session restore evaluated event="persist.restore" subsystem="persist" outcome="ok" workspaces=2
2026-06-27T19:11:05.396018Z  INFO herdr::app: using pane scrollback configuration pane_scrollback_limit_bytes=10000000
2026-06-27T19:11:05.435113Z  INFO herdr::server::headless: restored session already has workspaces; ignoring startup cwd cwd=/Users/greggannicott
2026-06-27T19:11:05.435121Z  INFO herdr::logging: checking for updates event="update.check.start" subsystem="update" outcome="started"
2026-06-27T19:11:05.435491Z  INFO herdr::server::headless: client protocol socket listening path=/Users/greggannicott/.config/herdr/herdr-client.sock
2026-06-27T19:11:05.435508Z  INFO herdr::server::headless: herdr server started api_socket=/Users/greggannicott/.config/herdr/herdr.sock client_socket=/Users/greggannicott/.config/herdr/herdr-client.sock
2026-06-27T19:11:05.435541Z  INFO herdr::logging: herdr starting event="app.startup" subsystem="server" outcome="started" pid=1486
2026-06-27T19:11:05.693560Z  INFO herdr::server::headless: client connected client_id=2 cols=207 rows=56 cell_width_px=0 cell_height_px=0 render_encoding=SemanticFrame
2026-06-27T19:11:05.714277Z  INFO herdr::logging: spawning pane terminal event="pane.spawn.start" subsystem="pane" outcome="started" pane_id=4 rows=55 cols=180 scrollback_limit_bytes=10000000
2026-06-27T19:11:05.719220Z  INFO herdr::logging: pane child spawned event="pane.spawned" subsystem="pane" outcome="ok" pane_id=4 pid=1655
2026-06-27T19:11:05.719397Z  INFO herdr::logging: spawning pane terminal event="pane.spawn.start" subsystem="pane" outcome="started" pane_id=5 rows=53 cols=89 scrollback_limit_bytes=10000000
2026-06-27T19:11:05.722934Z  INFO herdr::logging: pane child spawned event="pane.spawned" subsystem="pane" outcome="ok" pane_id=5 pid=1656
2026-06-27T19:11:06.777411Z  INFO herdr::pane: agent changed pane=4 previous_agent=None agent=Some(OpenCode) process=opencode pgid=Some(2100)
2026-06-27T19:11:06.779966Z  INFO herdr::pane: agent changed pane=5 previous_agent=None agent=Some(OpenCode) process=opencode pgid=Some(2101)
2026-06-27T19:11:10.730117Z  INFO herdr::logging: session saved event="persist.save" subsystem="persist" outcome="ok" path=/Users/greggannicott/.config/herdr/session.json workspaces=2
2026-06-27T19:15:19.828251Z  INFO herdr::logging: workspace focused event="workspace.focus" subsystem="workspace" outcome="ok" workspace_id="w1"
2026-06-27T19:15:19.830176Z  INFO herdr::logging: tab focused event="tab.focus" subsystem="tab" outcome="ok" workspace_id="w1" tab_id="w1:t1"
2026-06-27T19:15:24.843320Z  INFO herdr::logging: session saved event="persist.save" subsystem="persist" outcome="ok" path=/Users/greggannicott/.config/herdr/session.json workspaces=2
2026-06-27T19:15:25.855250Z  INFO herdr::logging: tab focused event="tab.focus" subsystem="tab" outcome="ok" workspace_id="w1" tab_id="w1:t1"
2026-06-27T19:15:30.863272Z  INFO herdr::logging: session saved event="persist.save" subsystem="persist" outcome="ok" path=/Users/greggannicott/.config/herdr/session.json workspaces=2
2026-06-27T19:16:46.231527Z  INFO herdr::logging: tab focused event="tab.focus" subsystem="tab" outcome="ok" workspace_id="w1" tab_id="w1:t1"
2026-06-27T19:16:50.692930Z  INFO herdr::pane: agent changed pane=2 previous_agent=None agent=Some(OpenCode) process=opencode pgid=Some(4102)
2026-06-27T19:16:51.236257Z  INFO herdr::logging: session saved event="persist.save" subsystem="persist" outcome="ok" path=/Users/greggannicott/.config/herdr/session.json workspaces=2
2026-06-27T19:17:14.152744Z  INFO herdr::logging: tab focused event="tab.focus" subsystem="tab" outcome="ok" workspace_id="w1" tab_id="w1:t1"
2026-06-27T19:17:18.855566Z  INFO herdr::logging: tab focused event="tab.focus" subsystem="tab" outcome="ok" workspace_id="w1" tab_id="w1:t1"
2026-06-27T19:17:23.861256Z  INFO herdr::logging: session saved event="persist.save" subsystem="persist" outcome="ok" path=/Users/greggannicott/.config/herdr/session.json workspaces=2
2026-06-27T19:18:32.349370Z  INFO herdr::logging: tab focused event="tab.focus" subsystem="tab" outcome="ok" workspace_id="w1" tab_id="w1:t1"
2026-06-27T19:18:35.275201Z  INFO herdr::logging: workspace focused event="workspace.focus" subsystem="workspace" outcome="ok" workspace_id="w2"
2026-06-27T19:18:35.275375Z  INFO herdr::logging: tab focused event="tab.focus" subsystem="tab" outcome="ok" workspace_id="w2" tab_id="w2:t1"
2026-06-27T19:18:38.268027Z  INFO herdr::logging: tab focused event="tab.focus" subsystem="tab" outcome="ok" workspace_id="w2" tab_id="w2:t1"
2026-06-27T19:18:39.943493Z  INFO herdr::logging: tab focused event="tab.focus" subsystem="tab" outcome="ok" workspace_id="w2" tab_id="w2:t1"
2026-06-27T19:18:44.948230Z  INFO herdr::logging: session saved event="persist.save" subsystem="persist" outcome="ok" path=/Users/greggannicott/.config/herdr/session.json workspaces=2
2026-06-27T19:19:25.146004Z  INFO herdr::logging: api request received event="api.request.start" subsystem="api" outcome="started" request_id="cli:workspace:focus" method="workspace.focus" changes_ui=true
2026-06-27T19:19:25.147837Z  INFO herdr::logging: workspace focused event="workspace.focus" subsystem="workspace" outcome="ok" workspace_id="w1"
2026-06-27T19:19:25.148062Z  INFO herdr::logging: tab focused event="tab.focus" subsystem="tab" outcome="ok" workspace_id="w1" tab_id="w1:t1"
2026-06-27T19:19:25.148134Z  INFO herdr::logging: api request completed event="api.request.complete" subsystem="api" outcome="ok" request_id="cli:workspace:focus" method="workspace.focus"
2026-06-27T19:19:27.568224Z  INFO herdr::logging: tab focused event="tab.focus" subsystem="tab" outcome="ok" workspace_id="w1" tab_id="w1:t1"
2026-06-27T19:19:32.573527Z  INFO herdr::logging: session saved event="persist.save" subsystem="persist" outcome="ok" path=/Users/greggannicott/.config/herdr/session.json workspaces=2
2026-06-27T19:20:13.243461Z  INFO herdr::pane: agent changed pane=2 previous_agent=None agent=Some(OpenCode) process=opencode pgid=Some(4102)
2026-06-27T19:20:18.224228Z  INFO herdr::logging: session saved event="persist.save" subsystem="persist" outcome="ok" path=/Users/greggannicott/.config/herdr/session.json workspaces=2
2026-06-27T19:22:42.509517Z  INFO herdr::logging: tab focused event="tab.focus" subsystem="tab" outcome="ok" workspace_id="w1" tab_id="w1:t1"
2026-06-27T19:22:47.523491Z  INFO herdr::logging: session saved event="persist.save" subsystem="persist" outcome="ok" path=/Users/greggannicott/.config/herdr/session.json workspaces=2
2026-06-27T19:24:38.086926Z  INFO herdr::logging: spawning pane terminal event="pane.spawn.start" subsystem="pane" outcome="started" pane_id=7 rows=55 cols=91 scrollback_limit_bytes=10000000
2026-06-27T19:24:38.102297Z  INFO herdr::logging: pane child spawned event="pane.spawned" subsystem="pane" outcome="ok" pane_id=7 pid=5580
2026-06-27T19:24:38.103051Z  INFO herdr::logging: workspace created event="workspace.create" subsystem="workspace" outcome="ok" workspace_id="w3" pane_id=7
2026-06-27T19:24:38.103071Z  INFO herdr::logging: workspace focused event="workspace.focus" subsystem="workspace" outcome="ok" workspace_id="w3"
2026-06-27T19:24:38.103098Z  INFO herdr::logging: tab focused event="tab.focus" subsystem="tab" outcome="ok" workspace_id="w3" tab_id="w3:t1"
2026-06-27T19:24:43.114622Z  INFO herdr::logging: session saved event="persist.save" subsystem="persist" outcome="ok" path=/Users/greggannicott/.config/herdr/session.json workspaces=3
2026-06-27T19:24:58.226535Z  INFO herdr::logging: workspace closed event="workspace.close" subsystem="workspace" outcome="ok" workspace_id="w3"
2026-06-27T19:25:03.232669Z  INFO herdr::logging: session saved event="persist.save" subsystem="persist" outcome="ok" path=/Users/greggannicott/.config/herdr/session.json workspaces=2
2026-06-27T19:25:05.830875Z  INFO herdr::logging: spawning pane terminal event="pane.spawn.start" subsystem="pane" outcome="started" pane_id=8 rows=55 cols=91 scrollback_limit_bytes=10000000
2026-06-27T19:25:05.839870Z  INFO herdr::logging: pane child spawned event="pane.spawned" subsystem="pane" outcome="ok" pane_id=8 pid=5689
2026-06-27T19:25:05.840241Z  INFO herdr::logging: tab focused event="tab.focus" subsystem="tab" outcome="ok" workspace_id="w2" tab_id="w2:t3"
2026-06-27T19:25:05.840279Z  INFO herdr::logging: tab created event="tab.create" subsystem="tab" outcome="ok" workspace_id="w2" tab_id="w2:t3" pane_id=8
2026-06-27T19:25:06.406115Z  INFO herdr::logging: pane child exited event="pane.exit" subsystem="pane" outcome="completed" pane_id=7 status="ExitStatus { code: 1, signal: None }"
2026-06-27T19:25:06.424800Z  INFO herdr::pane: pane session terminated pane=7 pid=5580 signal=Hangup
2026-06-27T19:25:06.425192Z  WARN herdr::app::actions: PaneDied for unknown pane pane=7
2026-06-27T19:25:10.850607Z  INFO herdr::logging: session saved event="persist.save" subsystem="persist" outcome="ok" path=/Users/greggannicott/.config/herdr/session.json workspaces=2
2026-06-27T19:25:19.463441Z  INFO herdr::logging: workspace focused event="workspace.focus" subsystem="workspace" outcome="ok" workspace_id="w1"
2026-06-27T19:25:19.463794Z  INFO herdr::logging: tab focused event="tab.focus" subsystem="tab" outcome="ok" workspace_id="w1" tab_id="w1:t1"
2026-06-27T19:25:24.467898Z  INFO herdr::logging: session saved event="persist.save" subsystem="persist" outcome="ok" path=/Users/greggannicott/.config/herdr/session.json workspaces=2
2026-06-27T19:25:28.620337Z  INFO herdr::logging: tab focused event="tab.focus" subsystem="tab" outcome="ok" workspace_id="w1" tab_id="w1:t1"
2026-06-27T19:25:31.889052Z  INFO herdr::logging: tab focused event="tab.focus" subsystem="tab" outcome="ok" workspace_id="w1" tab_id="w1:t1"
2026-06-27T19:25:33.268348Z  INFO herdr::logging: tab focused event="tab.focus" subsystem="tab" outcome="ok" workspace_id="w1" tab_id="w1:t1"
2026-06-27T19:25:35.453104Z  INFO herdr::logging: tab focused event="tab.focus" subsystem="tab" outcome="ok" workspace_id="w1" tab_id="w1:t1"
2026-06-27T19:25:40.461614Z  INFO herdr::logging: session saved event="persist.save" subsystem="persist" outcome="ok" path=/Users/greggannicott/.config/herdr/session.json workspaces=2
2026-06-27T19:26:13.557543Z  INFO herdr::logging: tab focused event="tab.focus" subsystem="tab" outcome="ok" workspace_id="w1" tab_id="w1:t1"
2026-06-27T19:26:18.563855Z  INFO herdr::logging: session saved event="persist.save" subsystem="persist" outcome="ok" path=/Users/greggannicott/.config/herdr/session.json workspaces=2
2026-06-27T19:27:01.357729Z  INFO herdr::logging: spawning pane terminal event="pane.spawn.start" subsystem="pane" outcome="started" pane_id=9 rows=55 cols=91 scrollback_limit_bytes=10000000
2026-06-27T19:27:01.366253Z  INFO herdr::logging: pane child spawned event="pane.spawned" subsystem="pane" outcome="ok" pane_id=9 pid=5874
2026-06-27T19:27:01.366743Z  INFO herdr::logging: workspace created event="workspace.create" subsystem="workspace" outcome="ok" workspace_id="w4" pane_id=9
2026-06-27T19:27:01.366768Z  INFO herdr::logging: workspace focused event="workspace.focus" subsystem="workspace" outcome="ok" workspace_id="w4"
2026-06-27T19:27:01.366795Z  INFO herdr::logging: tab focused event="tab.focus" subsystem="tab" outcome="ok" workspace_id="w4" tab_id="w4:t1"
2026-06-27T19:27:06.381917Z  INFO herdr::logging: session saved event="persist.save" subsystem="persist" outcome="ok" path=/Users/greggannicott/.config/herdr/session.json workspaces=3
2026-06-27T19:27:18.604761Z  INFO herdr::pane: agent changed pane=9 previous_agent=None agent=Some(OpenCode) process=opencode pgid=Some(5991)
2026-06-27T19:27:41.750599Z  INFO herdr::pane: agent changed pane=9 previous_agent=None agent=Some(OpenCode) process=opencode pgid=Some(5991)
2026-06-27T19:27:46.739293Z  INFO herdr::logging: session saved event="persist.save" subsystem="persist" outcome="ok" path=/Users/greggannicott/.config/herdr/session.json workspaces=3
2026-06-27T19:28:43.760216Z  INFO herdr::logging: tab focused event="tab.focus" subsystem="tab" outcome="ok" workspace_id="w4" tab_id="w4:t1"
2026-06-27T19:28:48.765883Z  INFO herdr::logging: session saved event="persist.save" subsystem="persist" outcome="ok" path=/Users/greggannicott/.config/herdr/session.json workspaces=3
2026-06-27T19:35:25.483994Z  INFO herdr::logging: workspace focused event="workspace.focus" subsystem="workspace" outcome="ok" workspace_id="w1"
2026-06-27T19:35:25.486177Z  INFO herdr::logging: tab focused event="tab.focus" subsystem="tab" outcome="ok" workspace_id="w1" tab_id="w1:t1"
2026-06-27T19:35:30.502963Z  INFO herdr::logging: session saved event="persist.save" subsystem="persist" outcome="ok" path=/Users/greggannicott/.config/herdr/session.json workspaces=3
2026-06-27T19:35:44.438371Z  INFO herdr::logging: tab focused event="tab.focus" subsystem="tab" outcome="ok" workspace_id="w1" tab_id="w1:t1"
2026-06-27T19:35:49.442680Z  INFO herdr::logging: session saved event="persist.save" subsystem="persist" outcome="ok" path=/Users/greggannicott/.config/herdr/session.json workspaces=3
2026-06-27T19:36:19.696895Z  INFO herdr::logging: tab focused event="tab.focus" subsystem="tab" outcome="ok" workspace_id="w1" tab_id="w1:t1"
2026-06-27T19:36:24.706946Z  INFO herdr::logging: session saved event="persist.save" subsystem="persist" outcome="ok" path=/Users/greggannicott/.config/herdr/session.json workspaces=3
2026-06-27T19:36:32.946283Z  INFO herdr::logging: session saved event="persist.save" subsystem="persist" outcome="ok" path=/Users/greggannicott/.config/herdr/session.json workspaces=3
2026-06-27T19:37:14.832406Z  INFO herdr::logging: session saved event="persist.save" subsystem="persist" outcome="ok" path=/Users/greggannicott/.config/herdr/session.json workspaces=3
2026-06-27T19:37:24.100144Z  INFO herdr::logging: tab focused event="tab.focus" subsystem="tab" outcome="ok" workspace_id="w1" tab_id="w1:t1"
2026-06-27T19:37:29.103634Z  INFO herdr::logging: session saved event="persist.save" subsystem="persist" outcome="ok" path=/Users/greggannicott/.config/herdr/session.json workspaces=3
2026-06-27T19:38:18.524625Z  INFO herdr::logging: tab focused event="tab.focus" subsystem="tab" outcome="ok" workspace_id="w1" tab_id="w1:t1"
2026-06-27T19:38:23.529014Z  INFO herdr::logging: session saved event="persist.save" subsystem="persist" outcome="ok" path=/Users/greggannicott/.config/herdr/session.json workspaces=3
2026-06-27T19:38:30.200155Z  INFO herdr::logging: session saved event="persist.save" subsystem="persist" outcome="ok" path=/Users/greggannicott/.config/herdr/session.json workspaces=3
2026-06-27T19:38:31.304475Z  INFO herdr::logging: workspace focused event="workspace.focus" subsystem="workspace" outcome="ok" workspace_id="w4"
2026-06-27T19:38:31.304604Z  INFO herdr::logging: tab focused event="tab.focus" subsystem="tab" outcome="ok" workspace_id="w4" tab_id="w4:t1"
2026-06-27T19:38:34.479683Z  INFO herdr::logging: workspace closed event="workspace.close" subsystem="workspace" outcome="ok" workspace_id="w4"
2026-06-27T19:38:39.489657Z  INFO herdr::logging: session saved event="persist.save" subsystem="persist" outcome="ok" path=/Users/greggannicott/.config/herdr/session.json workspaces=2
2026-06-27T19:39:00.255377Z  INFO herdr::logging: workspace focused event="workspace.focus" subsystem="workspace" outcome="ok" workspace_id="w1"
2026-06-27T19:39:00.255907Z  INFO herdr::logging: tab focused event="tab.focus" subsystem="tab" outcome="ok" workspace_id="w1" tab_id="w1:t1"
2026-06-27T19:39:05.264201Z  INFO herdr::logging: session saved event="persist.save" subsystem="persist" outcome="ok" path=/Users/greggannicott/.config/herdr/session.json workspaces=2
2026-06-27T19:39:07.292929Z  INFO herdr::logging: tab focused event="tab.focus" subsystem="tab" outcome="ok" workspace_id="w1" tab_id="w1:t3"
2026-06-27T19:39:09.676027Z  INFO herdr::logging: pane child exited event="pane.exit" subsystem="pane" outcome="completed" pane_id=3 status="ExitStatus { code: 1, signal: None }"
2026-06-27T19:39:09.693529Z  INFO herdr::pane: pane session terminated pane=3 pid=1489 signal=Hangup
2026-06-27T19:39:09.698149Z  INFO herdr::logging: pane child exited event="pane.exit" subsystem="pane" outcome="completed" pane_id=9 status="ExitStatus { code: 1, signal: None }"
2026-06-27T19:39:09.838526Z  INFO herdr::pane: pane session terminated pane=9 pid=5874 signal=Hangup
2026-06-27T19:39:09.838725Z  WARN herdr::app::actions: PaneDied for unknown pane pane=3
2026-06-27T19:39:09.838737Z  WARN herdr::app::actions: PaneDied for unknown pane pane=9
2026-06-27T19:39:09.974711Z  INFO herdr::pane: agent changed pane=4 previous_agent=Some(OpenCode) agent=None pgid=Some(1655)
2026-06-27T19:39:11.243905Z  INFO herdr::logging: pane child exited event="pane.exit" subsystem="pane" outcome="completed" pane_id=4 status="ExitStatus { code: 0, signal: None }"
2026-06-27T19:39:11.243995Z  INFO herdr::pane: pane session terminated pane=4 pid=1655 signal=Hangup
2026-06-27T19:39:16.251682Z  INFO herdr::logging: session saved event="persist.save" subsystem="persist" outcome="ok" path=/Users/greggannicott/.config/herdr/session.json workspaces=2
2026-06-27T19:39:19.542602Z  INFO herdr::logging: tab focused event="tab.focus" subsystem="tab" outcome="ok" workspace_id="w1" tab_id="w1:t1"
2026-06-27T19:39:24.548583Z  INFO herdr::logging: session saved event="persist.save" subsystem="persist" outcome="ok" path=/Users/greggannicott/.config/herdr/session.json workspaces=2
2026-06-27T19:40:07.769982Z  INFO herdr::logging: tab focused event="tab.focus" subsystem="tab" outcome="ok" workspace_id="w1" tab_id="w1:t1"
2026-06-27T19:40:12.779647Z  INFO herdr::logging: session saved event="persist.save" subsystem="persist" outcome="ok" path=/Users/greggannicott/.config/herdr/session.json workspaces=2
2026-06-27T19:40:23.868320Z  INFO herdr::logging: tab focused event="tab.focus" subsystem="tab" outcome="ok" workspace_id="w1" tab_id="w1:t1"
2026-06-27T19:40:28.874607Z  INFO herdr::logging: session saved event="persist.save" subsystem="persist" outcome="ok" path=/Users/greggannicott/.config/herdr/session.json workspaces=2
2026-06-27T19:41:05.404048Z  INFO herdr::logging: checking for updates event="update.check.start" subsystem="update" outcome="started"
2026-06-27T19:45:23.575493Z  INFO herdr::logging: tab focused event="tab.focus" subsystem="tab" outcome="ok" workspace_id="w1" tab_id="w1:t1"
2026-06-27T19:45:28.588080Z  INFO herdr::logging: session saved event="persist.save" subsystem="persist" outcome="ok" path=/Users/greggannicott/.config/herdr/session.json workspaces=2
2026-06-27T19:45:38.885732Z  INFO herdr::logging: tab focused event="tab.focus" subsystem="tab" outcome="ok" workspace_id="w1" tab_id="w1:t1"
2026-06-27T19:45:43.894087Z  INFO herdr::logging: session saved event="persist.save" subsystem="persist" outcome="ok" path=/Users/greggannicott/.config/herdr/session.json workspaces=2
2026-06-27T19:45:45.652481Z  INFO herdr::logging: tab focused event="tab.focus" subsystem="tab" outcome="ok" workspace_id="w1" tab_id="w1:t1"
2026-06-27T19:45:50.657938Z  INFO herdr::logging: session saved event="persist.save" subsystem="persist" outcome="ok" path=/Users/greggannicott/.config/herdr/session.json workspaces=2
2026-06-27T19:46:57.866069Z  INFO herdr::logging: tab focused event="tab.focus" subsystem="tab" outcome="ok" workspace_id="w1" tab_id="w1:t1"
2026-06-27T19:47:02.876054Z  INFO herdr::logging: session saved event="persist.save" subsystem="persist" outcome="ok" path=/Users/greggannicott/.config/herdr/session.json workspaces=2
2026-06-28T07:01:53.552126Z  INFO herdr::logging: checking for updates event="update.check.start" subsystem="update" outcome="started"
2026-06-28T07:06:46.484044Z  INFO herdr::logging: spawning pane terminal event="pane.spawn.start" subsystem="pane" outcome="started" pane_id=10 rows=55 cols=91 scrollback_limit_bytes=10000000
2026-06-28T07:06:46.508627Z  INFO herdr::logging: pane child spawned event="pane.spawned" subsystem="pane" outcome="ok" pane_id=10 pid=12332
2026-06-28T07:06:46.510226Z  INFO herdr::logging: tab focused event="tab.focus" subsystem="tab" outcome="ok" workspace_id="w1" tab_id="w1:t4"
2026-06-28T07:06:46.510266Z  INFO herdr::logging: tab created event="tab.create" subsystem="tab" outcome="ok" workspace_id="w1" tab_id="w1:t4" pane_id=10
2026-06-28T07:06:51.523415Z  INFO herdr::logging: session saved event="persist.save" subsystem="persist" outcome="ok" path=/Users/greggannicott/.config/herdr/session.json workspaces=2
2026-06-28T07:06:52.621210Z  INFO herdr::pane: agent changed pane=10 previous_agent=None agent=Some(OpenCode) process=opencode pgid=Some(12451)
2026-06-28T07:07:01.193410Z  INFO herdr::pane: agent changed pane=10 previous_agent=None agent=Some(OpenCode) process=opencode pgid=Some(12451)
2026-06-28T07:07:06.190032Z  INFO herdr::logging: session saved event="persist.save" subsystem="persist" outcome="ok" path=/Users/greggannicott/.config/herdr/session.json workspaces=2
2026-06-28T08:59:37.210538Z  INFO herdr::logging: checking for updates event="update.check.start" subsystem="update" outcome="started"
2026-06-28T15:22:24.788361Z  INFO herdr::logging: checking for updates event="update.check.start" subsystem="update" outcome="started"
2026-06-28T15:40:38.636160Z  INFO herdr::pane: agent changed pane=10 previous_agent=Some(OpenCode) agent=None pgid=Some(12332)
2026-06-28T15:40:43.344914Z  INFO herdr::logging: session saved event="persist.save" subsystem="persist" outcome="ok" path=/Users/greggannicott/.config/herdr/session.json workspaces=2
2026-06-28T15:41:22.411330Z  INFO herdr::logging: pane child exited event="pane.exit" subsystem="pane" outcome="completed" pane_id=10 status="ExitStatus { code: 0, signal: None }"
2026-06-28T15:41:22.411586Z  INFO herdr::pane: pane session terminated pane=10 pid=12332 signal=Hangup
2026-06-28T15:41:27.421419Z  INFO herdr::logging: session saved event="persist.save" subsystem="persist" outcome="ok" path=/Users/greggannicott/.config/herdr/session.json workspaces=2
2026-06-28T15:44:36.317380Z  INFO herdr::logging: tab focused event="tab.focus" subsystem="tab" outcome="ok" workspace_id="w1" tab_id="w1:t1"
2026-06-28T15:44:41.335409Z  INFO herdr::logging: session saved event="persist.save" subsystem="persist" outcome="ok" path=/Users/greggannicott/.config/herdr/session.json workspaces=2
2026-06-28T15:51:46.075013Z  INFO herdr::server::headless: client detach requested via keybind client_id=2
2026-06-28T15:51:46.083114Z  INFO herdr::server::headless: client disconnected client_id=2
2026-06-28T15:51:47.354527Z  INFO herdr::logging: session saved event="persist.save" subsystem="persist" outcome="ok" path=/Users/greggannicott/.config/herdr/session.json workspaces=2
2026-06-28T15:52:08.686174Z  INFO herdr::server::headless: server shutdown initiated
2026-06-28T15:52:08.738070Z  INFO herdr::server::headless: completing server shutdown
2026-06-28T15:52:08.738836Z  INFO herdr::logging: session saved event="persist.save" subsystem="persist" outcome="ok" path=/Users/greggannicott/.config/herdr/session.json workspaces=2
2026-06-28T15:52:08.738852Z  INFO herdr::server::headless: headless server exiting
2026-06-28T15:52:08.768132Z  INFO herdr::logging: pane child exited event="pane.exit" subsystem="pane" outcome="completed" pane_id=6 status="ExitStatus { code: 1, signal: None }"
2026-06-28T15:52:08.783704Z  INFO herdr::pane: pane session terminated pane=6 pid=1492 signal=Hangup
2026-06-28T15:52:08.823853Z  INFO herdr::logging: pane child exited event="pane.exit" subsystem="pane" outcome="completed" pane_id=2 status="ExitStatus { code: 1, signal: None }"
2026-06-28T15:52:08.858728Z  INFO herdr::pane: pane session terminated pane=2 pid=1488 signal=Hangup
2026-06-28T15:52:08.875575Z  INFO herdr::logging: pane child exited event="pane.exit" subsystem="pane" outcome="completed" pane_id=1 status="ExitStatus { code: 1, signal: None }"
2026-06-28T15:52:08.884959Z  INFO herdr::pane: pane session terminated pane=1 pid=1487 signal=Hangup
2026-06-28T15:52:08.975161Z  INFO herdr::logging: pane child exited event="pane.exit" subsystem="pane" outcome="completed" pane_id=5 status="ExitStatus { code: 1, signal: None }"
2026-06-28T15:52:09.007436Z  INFO herdr::pane: pane session terminated pane=5 pid=1656 signal=Hangup
2026-06-28T15:52:09.031831Z  INFO herdr::logging: pane child exited event="pane.exit" subsystem="pane" outcome="completed" pane_id=8 status="ExitStatus { code: 1, signal: None }"
2026-06-28T15:52:09.034526Z  INFO herdr::pane: pane session terminated pane=8 pid=5689 signal=Hangup
2026-06-28T15:52:09.035956Z  INFO herdr::logging: herdr exiting event="app.shutdown" subsystem="server" outcome="completed" pid=1486
2026-06-28T15:52:12.660049Z  INFO herdr::platform::macos: raised server file descriptor soft limit previous=256 target=8192
2026-06-28T15:52:12.660914Z  INFO herdr::api::server: api server listening path=/Users/greggannicott/.config/herdr/herdr.sock
2026-06-28T15:52:12.662508Z  INFO herdr::logging: spawning pane terminal event="pane.spawn.start" subsystem="pane" outcome="started" pane_id=1 rows=24 cols=80 scrollback_limit_bytes=10000000
2026-06-28T15:52:12.670658Z  INFO herdr::logging: pane child spawned event="pane.spawned" subsystem="pane" outcome="ok" pane_id=1 pid=15942
2026-06-28T15:52:12.671154Z  INFO herdr::logging: spawning pane terminal event="pane.spawn.start" subsystem="pane" outcome="started" pane_id=3 rows=24 cols=80 scrollback_limit_bytes=10000000
2026-06-28T15:52:12.673941Z  INFO herdr::logging: pane child spawned event="pane.spawned" subsystem="pane" outcome="ok" pane_id=3 pid=15943
2026-06-28T15:52:12.674125Z  INFO herdr::logging: spawning pane terminal event="pane.spawn.start" subsystem="pane" outcome="started" pane_id=4 rows=24 cols=80 scrollback_limit_bytes=10000000
2026-06-28T15:52:12.676777Z  INFO herdr::logging: pane child spawned event="pane.spawned" subsystem="pane" outcome="ok" pane_id=4 pid=15944
2026-06-28T15:52:12.677570Z  INFO herdr::logging: session restore evaluated event="persist.restore" subsystem="persist" outcome="ok" workspaces=2
2026-06-28T15:52:12.677598Z  INFO herdr::app: using pane scrollback configuration pane_scrollback_limit_bytes=10000000
2026-06-28T15:52:12.713055Z  INFO herdr::server::headless: restored session already has workspaces; ignoring startup cwd cwd=/Users/greggannicott
2026-06-28T15:52:12.713209Z  INFO herdr::server::headless: client protocol socket listening path=/Users/greggannicott/.config/herdr/herdr-client.sock
2026-06-28T15:52:12.713227Z  INFO herdr::server::headless: herdr server started api_socket=/Users/greggannicott/.config/herdr/herdr.sock client_socket=/Users/greggannicott/.config/herdr/herdr-client.sock
2026-06-28T15:52:12.713255Z  INFO herdr::logging: herdr starting event="app.startup" subsystem="server" outcome="started" pid=15941
2026-06-28T15:52:12.713255Z  INFO herdr::logging: checking for updates event="update.check.start" subsystem="update" outcome="started"
2026-06-28T15:52:12.860045Z  INFO herdr::server::headless: client connected client_id=2 cols=207 rows=56 cell_width_px=0 cell_height_px=0 render_encoding=SemanticFrame
2026-06-28T15:52:12.881882Z  INFO herdr::logging: spawning pane terminal event="pane.spawn.start" subsystem="pane" outcome="started" pane_id=2 rows=53 cols=88 scrollback_limit_bytes=10000000
2026-06-28T15:52:12.885344Z  INFO herdr::logging: pane child spawned event="pane.spawned" subsystem="pane" outcome="ok" pane_id=2 pid=16043
2026-06-28T15:52:13.443673Z  INFO herdr::pane: agent changed pane=2 previous_agent=None agent=Some(OpenCode) process=opencode pgid=Some(16251)
2026-06-28T15:52:15.056642Z  INFO herdr::logging: api request received event="api.request.start" subsystem="api" outcome="started" request_id="cli:pane:focus" method="pane.focus_direction" changes_ui=true
2026-06-28T15:52:15.056731Z  INFO herdr::logging: api request completed event="api.request.complete" subsystem="api" outcome="ok" request_id="cli:pane:focus" method="pane.focus_direction"
2026-06-28T15:52:17.892101Z  INFO herdr::logging: session saved event="persist.save" subsystem="persist" outcome="ok" path=/Users/greggannicott/.config/herdr/session.json workspaces=2
2026-06-28T15:52:20.930003Z  INFO herdr::logging: spawning pane terminal event="pane.spawn.start" subsystem="pane" outcome="started" pane_id=5 rows=27 cols=90 scrollback_limit_bytes=10000000
2026-06-28T15:52:20.938155Z  INFO herdr::logging: pane child spawned event="pane.spawned" subsystem="pane" outcome="ok" pane_id=5 pid=17101
2026-06-28T15:52:22.009373Z  INFO herdr::logging: api request received event="api.request.start" subsystem="api" outcome="started" request_id="cli:pane:focus" method="pane.focus_direction" changes_ui=true
2026-06-28T15:52:22.009488Z  INFO herdr::logging: tab focused event="tab.focus" subsystem="tab" outcome="ok" workspace_id="w1" tab_id="w1:t1"
2026-06-28T15:52:22.009518Z  INFO herdr::logging: tab focused event="tab.focus" subsystem="tab" outcome="ok" workspace_id="w1" tab_id="w1:t1"
2026-06-28T15:52:22.009597Z  INFO herdr::logging: api request completed event="api.request.complete" subsystem="api" outcome="ok" request_id="cli:pane:focus" method="pane.focus_direction"
2026-06-28T15:52:22.646418Z  INFO herdr::logging: api request received event="api.request.start" subsystem="api" outcome="started" request_id="cli:pane:focus" method="pane.focus_direction" changes_ui=true
2026-06-28T15:52:22.646532Z  INFO herdr::logging: tab focused event="tab.focus" subsystem="tab" outcome="ok" workspace_id="w1" tab_id="w1:t1"
2026-06-28T15:52:22.646563Z  INFO herdr::logging: tab focused event="tab.focus" subsystem="tab" outcome="ok" workspace_id="w1" tab_id="w1:t1"
2026-06-28T15:52:22.646721Z  INFO herdr::logging: api request completed event="api.request.complete" subsystem="api" outcome="ok" request_id="cli:pane:focus" method="pane.focus_direction"
2026-06-28T15:52:23.392200Z  INFO herdr::logging: api request received event="api.request.start" subsystem="api" outcome="started" request_id="cli:pane:focus" method="pane.focus_direction" changes_ui=true
2026-06-28T15:52:23.392331Z  INFO herdr::logging: tab focused event="tab.focus" subsystem="tab" outcome="ok" workspace_id="w1" tab_id="w1:t1"
2026-06-28T15:52:23.392362Z  INFO herdr::logging: tab focused event="tab.focus" subsystem="tab" outcome="ok" workspace_id="w1" tab_id="w1:t1"
2026-06-28T15:52:23.392433Z  INFO herdr::logging: api request completed event="api.request.complete" subsystem="api" outcome="ok" request_id="cli:pane:focus" method="pane.focus_direction"
2026-06-28T15:52:23.720147Z  INFO herdr::logging: api request received event="api.request.start" subsystem="api" outcome="started" request_id="cli:pane:focus" method="pane.focus_direction" changes_ui=true
2026-06-28T15:52:23.720318Z  INFO herdr::logging: api request completed event="api.request.complete" subsystem="api" outcome="ok" request_id="cli:pane:focus" method="pane.focus_direction"
2026-06-28T15:52:24.114641Z  INFO herdr::logging: api request received event="api.request.start" subsystem="api" outcome="started" request_id="cli:pane:focus" method="pane.focus_direction" changes_ui=true
2026-06-28T15:52:24.114766Z  INFO herdr::logging: tab focused event="tab.focus" subsystem="tab" outcome="ok" workspace_id="w1" tab_id="w1:t1"
2026-06-28T15:52:24.114796Z  INFO herdr::logging: tab focused event="tab.focus" subsystem="tab" outcome="ok" workspace_id="w1" tab_id="w1:t1"
2026-06-28T15:52:24.114867Z  INFO herdr::logging: api request completed event="api.request.complete" subsystem="api" outcome="ok" request_id="cli:pane:focus" method="pane.focus_direction"
2026-06-28T15:52:24.615760Z  INFO herdr::logging: api request received event="api.request.start" subsystem="api" outcome="started" request_id="cli:pane:focus" method="pane.focus_direction" changes_ui=true
2026-06-28T15:52:24.615878Z  INFO herdr::logging: tab focused event="tab.focus" subsystem="tab" outcome="ok" workspace_id="w1" tab_id="w1:t1"
2026-06-28T15:52:24.615908Z  INFO herdr::logging: tab focused event="tab.focus" subsystem="tab" outcome="ok" workspace_id="w1" tab_id="w1:t1"
2026-06-28T15:52:24.615977Z  INFO herdr::logging: api request completed event="api.request.complete" subsystem="api" outcome="ok" request_id="cli:pane:focus" method="pane.focus_direction"
2026-06-28T15:52:29.624613Z  INFO herdr::logging: session saved event="persist.save" subsystem="persist" outcome="ok" path=/Users/greggannicott/.config/herdr/session.json workspaces=2
2026-06-28T15:52:39.828353Z  INFO herdr::logging: api request received event="api.request.start" subsystem="api" outcome="started" request_id="cli:pane:focus" method="pane.focus_direction" changes_ui=true
2026-06-28T15:52:39.829392Z  INFO herdr::logging: tab focused event="tab.focus" subsystem="tab" outcome="ok" workspace_id="w1" tab_id="w1:t1"
2026-06-28T15:52:39.829413Z  INFO herdr::logging: tab focused event="tab.focus" subsystem="tab" outcome="ok" workspace_id="w1" tab_id="w1:t1"
2026-06-28T15:52:39.829481Z  INFO herdr::logging: api request completed event="api.request.complete" subsystem="api" outcome="ok" request_id="cli:pane:focus" method="pane.focus_direction"
2026-06-28T15:52:40.926710Z  INFO herdr::logging: api request received event="api.request.start" subsystem="api" outcome="started" request_id="cli:pane:focus" method="pane.focus_direction" changes_ui=true
2026-06-28T15:52:40.926820Z  INFO herdr::logging: tab focused event="tab.focus" subsystem="tab" outcome="ok" workspace_id="w1" tab_id="w1:t1"
2026-06-28T15:52:40.926853Z  INFO herdr::logging: tab focused event="tab.focus" subsystem="tab" outcome="ok" workspace_id="w1" tab_id="w1:t1"
2026-06-28T15:52:40.926917Z  INFO herdr::logging: api request completed event="api.request.complete" subsystem="api" outcome="ok" request_id="cli:pane:focus" method="pane.focus_direction"
2026-06-28T15:52:41.823754Z  INFO herdr::logging: api request received event="api.request.start" subsystem="api" outcome="started" request_id="cli:pane:focus" method="pane.focus_direction" changes_ui=true
2026-06-28T15:52:41.823898Z  INFO herdr::logging: api request completed event="api.request.complete" subsystem="api" outcome="ok" request_id="cli:pane:focus" method="pane.focus_direction"
2026-06-28T15:52:42.375675Z  INFO herdr::logging: api request received event="api.request.start" subsystem="api" outcome="started" request_id="cli:pane:focus" method="pane.focus_direction" changes_ui=true
2026-06-28T15:52:42.375764Z  INFO herdr::logging: tab focused event="tab.focus" subsystem="tab" outcome="ok" workspace_id="w1" tab_id="w1:t1"
2026-06-28T15:52:42.375788Z  INFO herdr::logging: tab focused event="tab.focus" subsystem="tab" outcome="ok" workspace_id="w1" tab_id="w1:t1"
2026-06-28T15:52:42.375847Z  INFO herdr::logging: api request completed event="api.request.complete" subsystem="api" outcome="ok" request_id="cli:pane:focus" method="pane.focus_direction"
2026-06-28T15:52:43.068605Z  INFO herdr::logging: api request received event="api.request.start" subsystem="api" outcome="started" request_id="cli:pane:focus" method="pane.focus_direction" changes_ui=true
2026-06-28T15:52:43.068738Z  INFO herdr::logging: tab focused event="tab.focus" subsystem="tab" outcome="ok" workspace_id="w1" tab_id="w1:t1"
2026-06-28T15:52:43.068770Z  INFO herdr::logging: tab focused event="tab.focus" subsystem="tab" outcome="ok" workspace_id="w1" tab_id="w1:t1"
2026-06-28T15:52:43.068839Z  INFO herdr::logging: api request completed event="api.request.complete" subsystem="api" outcome="ok" request_id="cli:pane:focus" method="pane.focus_direction"
2026-06-28T15:52:48.076613Z  INFO herdr::logging: session saved event="persist.save" subsystem="persist" outcome="ok" path=/Users/greggannicott/.config/herdr/session.json workspaces=2
2026-06-28T15:52:48.141595Z  INFO herdr::logging: api request received event="api.request.start" subsystem="api" outcome="started" request_id="cli:pane:focus" method="pane.focus_direction" changes_ui=true
2026-06-28T15:52:48.141694Z  INFO herdr::logging: tab focused event="tab.focus" subsystem="tab" outcome="ok" workspace_id="w1" tab_id="w1:t1"
2026-06-28T15:52:48.141721Z  INFO herdr::logging: tab focused event="tab.focus" subsystem="tab" outcome="ok" workspace_id="w1" tab_id="w1:t1"
2026-06-28T15:52:48.141781Z  INFO herdr::logging: api request completed event="api.request.complete" subsystem="api" outcome="ok" request_id="cli:pane:focus" method="pane.focus_direction"
2026-06-28T15:52:48.736239Z  INFO herdr::logging: api request received event="api.request.start" subsystem="api" outcome="started" request_id="cli:pane:focus" method="pane.focus_direction" changes_ui=true
2026-06-28T15:52:48.736352Z  INFO herdr::logging: tab focused event="tab.focus" subsystem="tab" outcome="ok" workspace_id="w1" tab_id="w1:t1"
2026-06-28T15:52:48.736384Z  INFO herdr::logging: tab focused event="tab.focus" subsystem="tab" outcome="ok" workspace_id="w1" tab_id="w1:t1"
2026-06-28T15:52:48.736457Z  INFO herdr::logging: api request completed event="api.request.complete" subsystem="api" outcome="ok" request_id="cli:pane:focus" method="pane.focus_direction"
2026-06-28T15:52:49.593041Z  INFO herdr::logging: api request received event="api.request.start" subsystem="api" outcome="started" request_id="cli:pane:focus" method="pane.focus_direction" changes_ui=true
2026-06-28T15:52:49.593176Z  INFO herdr::logging: api request completed event="api.request.complete" subsystem="api" outcome="ok" request_id="cli:pane:focus" method="pane.focus_direction"
2026-06-28T15:52:50.294935Z  INFO herdr::logging: api request received event="api.request.start" subsystem="api" outcome="started" request_id="cli:pane:focus" method="pane.focus_direction" changes_ui=true
2026-06-28T15:52:50.295038Z  INFO herdr::logging: tab focused event="tab.focus" subsystem="tab" outcome="ok" workspace_id="w1" tab_id="w1:t1"
2026-06-28T15:52:50.295063Z  INFO herdr::logging: tab focused event="tab.focus" subsystem="tab" outcome="ok" workspace_id="w1" tab_id="w1:t1"
2026-06-28T15:52:50.295127Z  INFO herdr::logging: api request completed event="api.request.complete" subsystem="api" outcome="ok" request_id="cli:pane:focus" method="pane.focus_direction"
2026-06-28T15:52:50.437221Z  INFO herdr::logging: api request received event="api.request.start" subsystem="api" outcome="started" request_id="cli:pane:focus" method="pane.focus_direction" changes_ui=true
2026-06-28T15:52:50.437368Z  INFO herdr::logging: api request completed event="api.request.complete" subsystem="api" outcome="ok" request_id="cli:pane:focus" method="pane.focus_direction"
2026-06-28T15:52:51.449738Z  INFO herdr::logging: api request received event="api.request.start" subsystem="api" outcome="started" request_id="cli:pane:focus" method="pane.focus_direction" changes_ui=true
2026-06-28T15:52:51.449854Z  INFO herdr::logging: tab focused event="tab.focus" subsystem="tab" outcome="ok" workspace_id="w1" tab_id="w1:t1"
2026-06-28T15:52:51.449888Z  INFO herdr::logging: tab focused event="tab.focus" subsystem="tab" outcome="ok" workspace_id="w1" tab_id="w1:t1"
2026-06-28T15:52:51.449958Z  INFO herdr::logging: api request completed event="api.request.complete" subsystem="api" outcome="ok" request_id="cli:pane:focus" method="pane.focus_direction"
2026-06-28T15:52:56.454653Z  INFO herdr::logging: session saved event="persist.save" subsystem="persist" outcome="ok" path=/Users/greggannicott/.config/herdr/session.json workspaces=2
